2025-11-17 22:44:37,148 [INFO] Activator:176 - 


2025-11-17 22:44:37,159 [INFO] Activator:177 - !SESSION log4j initialized
2025-11-17 22:44:44,049 [INFO] LogOutputStream:77 - [STDOUT_REDIRECT] 
2025-11-17 22:44:44,689 [ERROR] LogOutputStream:75 - [STDERR_REDIRECT] 
2025-11-17 22:44:47,564 [INFO] LogOutputStream:77 - [STDOUT_REDIRECT] 
2025-11-17 22:44:49,755 [ERROR] LogOutputStream:75 - [STDERR_REDIRECT] java.net.URISyntaxException: Illegal character in path at index 45: file:/Users/Nekki/Downloads/STM32F4_Workspace (3)/.metadata/.log4j2.xml
2025-11-17 22:44:49,756 [ERROR] LogOutputStream:75 - [STDERR_REDIRECT] 	at java.base/java.net.URI$Parser.fail(URI.java:2995)
2025-11-17 22:44:49,757 [ERROR] LogOutputStream:75 - [STDERR_REDIRECT] 	at java.base/java.net.URI$Parser.checkChars(URI.java:3166)
2025-11-17 22:44:49,758 [ERROR] LogOutputStream:75 - [STDERR_REDIRECT] 	at java.base/java.net.URI$Parser.parseHierarchical(URI.java:3248)
2025-11-17 22:44:49,760 [ERROR] LogOutputStream:75 - [STDERR_REDIRECT] 	at java.base/java.net.URI$Parser.parse(URI.java:3196)
2025-11-17 22:44:49,761 [ERROR] LogOutputStream:75 - [STDERR_REDIRECT] 	at java.base/java.net.URI.<init>(URI.java:645)
2025-11-17 22:44:49,762 [ERROR] LogOutputStream:75 - [STDERR_REDIRECT] 	at java.base/java.net.URL.toURI(URL.java:1220)
2025-11-17 22:44:49,762 [ERROR] LogOutputStream:75 - [STDERR_REDIRECT] 	at com.st.stm32cube.common.mx.core.CubeMxInstance.getInstance(CubeMxInstance.java:81)
2025-11-17 22:44:49,763 [ERROR] LogOutputStream:75 - [STDERR_REDIRECT] 	at com.st.stm32cube.common.mx.userauth.UserAuthAdapter.<init>(UserAuthAdapter.java:25)
2025-11-17 22:44:49,764 [ERROR] LogOutputStream:75 - [STDERR_REDIRECT] 	at com.st.stm32cube.common.mx.userauth.UserAuthProvider.getUserAuthAdapter(UserAuthProvider.java:16)
2025-11-17 22:44:49,764 [ERROR] LogOutputStream:75 - [STDERR_REDIRECT] 	at com.st.stm32cube.common.ecosystemintegration.ui.core.MCUEcoSystemIntegrationUiHelper.getUserAuth(MCUEcoSystemIntegrationUiHelper.java:100)
2025-11-17 22:44:49,765 [ERROR] LogOutputStream:75 - [STDERR_REDIRECT] 	at com.st.stm32cube.ide.mcu.userauth.UserAuthStartup.earlyStartup(UserAuthStartup.java:32)
2025-11-17 22:44:49,765 [ERROR] LogOutputStream:75 - [STDERR_REDIRECT] 	at org.eclipse.ui.internal.EarlyStartupRunnable.runEarlyStartup(EarlyStartupRunnable.java:79)
2025-11-17 22:44:49,766 [ERROR] LogOutputStream:75 - [STDERR_REDIRECT] 	at org.eclipse.ui.internal.EarlyStartupRunnable.run(EarlyStartupRunnable.java:55)
2025-11-17 22:44:49,767 [ERROR] LogOutputStream:75 - [STDERR_REDIRECT] 	at org.eclipse.core.runtime.SafeRunner.run(SafeRunner.java:47)
2025-11-17 22:44:49,767 [ERROR] LogOutputStream:75 - [STDERR_REDIRECT] 	at org.eclipse.ui.internal.Workbench$39.run(Workbench.java:2733)
2025-11-17 22:44:49,768 [ERROR] LogOutputStream:75 - [STDERR_REDIRECT] 	at org.eclipse.core.internal.jobs.Worker.run(Worker.java:63)
2025-11-17 22:44:50,193 [INFO] ApplicationProperties:184 - Using Application install path: /Applications/STM32CubeIDE.app/Contents/Eclipse/plugins/com.st.stm32cube.common.mx_6.15.0.202507011659
2025-11-17 22:44:50,223 [INFO] DbMcusXml:78 - Set database path to: /Applications/STM32CubeIDE.app/Contents/Eclipse/plugins/com.st.stm32cube.common.mx_6.15.0.202507011659//db//mcu/
2025-11-17 22:44:50,223 [INFO] ApiDb:274 - Set plugin database path to: /Applications/STM32CubeIDE.app/Contents/Eclipse/plugins/com.st.stm32cube.common.mx_6.15.0.202507011659//db//plugins/boardmanager/
2025-11-17 22:44:50,224 [WARN] ApiDb:259 - Overriding images path with different value:  => /Applications/STM32CubeIDE.app/Contents/Eclipse/plugins/com.st.stm32cube.common.mx_6.15.0.202507011659//db//plugins/mcufinder/images/
2025-11-17 22:44:50,233 [INFO] ApiDb:250 - Set database path to: /Users/Nekki/.stmcufinder/plugins/mcufinder//mcu/
2025-11-17 22:44:50,235 [INFO] DbMcusAds:125 - Set database path to: /Users/Nekki/.stmcufinder/plugins/mcufinder//mcu/
2025-11-17 22:44:50,239 [INFO] CrossReferenceDbSqlite:203 - Set database path to: /Users/Nekki/.stmcufinder/plugins/mcufinder//mcu/cs/
2025-11-17 22:44:50,446 [INFO] RulesReader:64 - Compatibility file has been processed (317 Rules)
2025-11-17 22:44:50,522 [INFO] DbMcusXml:78 - Set database path to: /Applications/STM32CubeIDE.app/Contents/Eclipse/plugins/com.st.stm32cube.common.mx_6.15.0.202507011659//db//mcu/
2025-11-17 22:44:50,522 [INFO] ApiDb:274 - Set plugin database path to: /Applications/STM32CubeIDE.app/Contents/Eclipse/plugins/com.st.stm32cube.common.mx_6.15.0.202507011659//db//plugins/boardmanager/
2025-11-17 22:44:50,522 [INFO] ApiDb:261 - Set plugin images path to: /Applications/STM32CubeIDE.app/Contents/Eclipse/plugins/com.st.stm32cube.common.mx_6.15.0.202507011659//db//plugins/mcufinder/images/
2025-11-17 22:44:50,523 [WARN] DbFile:41 - Overriding database path with different value: /Users/Nekki/.stmcufinder/plugins/mcufinder/ => /Users/Nekki/.stmcufinder/plugins/mcufinder
2025-11-17 22:44:50,523 [INFO] ApiDb:250 - Set database path to: /Users/Nekki/.stmcufinder/plugins/mcufinder//mcu/
2025-11-17 22:44:50,523 [WARN] DbFile:41 - Overriding database path with different value: /Users/Nekki/.stmcufinder/plugins/mcufinder/ => /Users/Nekki/.stmcufinder/plugins/mcufinder
2025-11-17 22:44:50,523 [INFO] DbMcusAds:125 - Set database path to: /Users/Nekki/.stmcufinder/plugins/mcufinder//mcu/
2025-11-17 22:44:50,523 [WARN] DbFile:41 - Overriding database path with different value: /Users/Nekki/.stmcufinder/plugins/mcufinder/ => /Users/Nekki/.stmcufinder/plugins/mcufinder
2025-11-17 22:44:50,524 [WARN] DbFile:41 - Overriding database path with different value: /Users/Nekki/.stmcufinder/plugins/mcufinder/ => /Users/Nekki/.stmcufinder/plugins/mcufinder
2025-11-17 22:44:50,524 [INFO] CrossReferenceDbSqlite:203 - Set database path to: /Users/Nekki/.stmcufinder/plugins/mcufinder//mcu/cs/
2025-11-17 22:44:50,630 [INFO] MainPanel:274 - HeapMemory: 268435456
2025-11-17 22:44:51,615 [INFO] DbMcusXml:78 - Set database path to: /Applications/STM32CubeIDE.app/Contents/Eclipse/plugins/com.st.stm32cube.common.mx_6.15.0.202507011659//db//mcu/
2025-11-17 22:44:51,615 [INFO] ApiDb:274 - Set plugin database path to: /Applications/STM32CubeIDE.app/Contents/Eclipse/plugins/com.st.stm32cube.common.mx_6.15.0.202507011659//db//plugins/boardmanager/
2025-11-17 22:44:51,616 [INFO] ApiDb:261 - Set plugin images path to: /Applications/STM32CubeIDE.app/Contents/Eclipse/plugins/com.st.stm32cube.common.mx_6.15.0.202507011659//db//plugins/mcufinder/images/
2025-11-17 22:44:51,617 [WARN] DbFile:41 - Overriding database path with different value: /Users/Nekki/.stmcufinder/plugins/mcufinder/ => /Users/Nekki/.stmcufinder/plugins/mcufinder
2025-11-17 22:44:51,617 [INFO] ApiDb:250 - Set database path to: /Users/Nekki/.stmcufinder/plugins/mcufinder//mcu/
2025-11-17 22:44:51,617 [WARN] DbFile:41 - Overriding database path with different value: /Users/Nekki/.stmcufinder/plugins/mcufinder/ => /Users/Nekki/.stmcufinder/plugins/mcufinder
2025-11-17 22:44:51,617 [INFO] DbMcusAds:125 - Set database path to: /Users/Nekki/.stmcufinder/plugins/mcufinder//mcu/
2025-11-17 22:44:51,617 [WARN] DbFile:41 - Overriding database path with different value: /Users/Nekki/.stmcufinder/plugins/mcufinder/ => /Users/Nekki/.stmcufinder/plugins/mcufinder
2025-11-17 22:44:51,617 [WARN] DbFile:41 - Overriding database path with different value: /Users/Nekki/.stmcufinder/plugins/mcufinder/ => /Users/Nekki/.stmcufinder/plugins/mcufinder
2025-11-17 22:44:51,618 [INFO] CrossReferenceDbSqlite:203 - Set database path to: /Users/Nekki/.stmcufinder/plugins/mcufinder//mcu/cs/
2025-11-17 22:44:51,642 [INFO] ApplicationProperties:184 - Using Application install path: /Applications/STM32CubeIDE.app/Contents/Eclipse/plugins/com.st.stm32cube.common.mx_6.15.0.202507011659
2025-11-17 22:44:51,645 [INFO] PluginManage:196 - Search for loadable plugins [exclusion list=, ]
2025-11-17 22:44:51,646 [INFO] PluginManage:310 - Check plugin analytics
2025-11-17 22:44:51,943 [INFO] AnalyticsPlugin:253 - Accepted Software Licenses: 
2025-11-17 22:44:51,943 [INFO] AnalyticsPlugin:255 - Accepted CMSIS Pack Licenses: 
2025-11-17 22:44:51,943 [INFO] AnalyticsPlugin:257 - Accepted Firmware Licenses: 
2025-11-17 22:44:51,949 [INFO] PluginManage:359 - Loaded plugin analytics (category:tool,tabindex:-1)
2025-11-17 22:44:51,950 [INFO] PluginManage:310 - Check plugin cadmodel
2025-11-17 22:44:51,958 [INFO] CADModel:105 - Init CAD model plugin
2025-11-17 22:44:51,958 [INFO] PluginManage:359 - Loaded plugin cadmodel (category:power,tabindex:5)
2025-11-17 22:44:51,959 [INFO] PluginManage:310 - Check plugin clock
2025-11-17 22:44:51,976 [INFO] PluginManage:359 - Loaded plugin clock (category:base,tabindex:2)
2025-11-17 22:44:51,976 [INFO] PluginManage:310 - Check plugin ddr
2025-11-17 22:44:51,982 [INFO] PluginManage:359 - Loaded plugin ddr (category:tool,tabindex:6)
2025-11-17 22:44:51,982 [INFO] PluginManage:310 - Check plugin filemanager
2025-11-17 22:44:52,191 [INFO] PluginManage:359 - Loaded plugin filemanager (category:base,tabindex:10)
2025-11-17 22:44:52,191 [INFO] PluginManage:310 - Check plugin ipmanager
2025-11-17 22:44:52,200 [INFO] PluginManage:359 - Loaded plugin ipmanager (category:base,tabindex:5)
2025-11-17 22:44:52,201 [INFO] PluginManage:310 - Check plugin lpbam
2025-11-17 22:44:52,215 [INFO] PluginManage:359 - Loaded plugin lpbam (category:base,tabindex:0)
2025-11-17 22:44:52,215 [INFO] PluginManage:310 - Check plugin memorymap
2025-11-17 22:44:52,236 [INFO] PluginManage:359 - Loaded plugin memorymap (category:base,tabindex:4)
2025-11-17 22:44:52,237 [INFO] PluginManage:310 - Check plugin pinoutandconfiguration
2025-11-17 22:44:52,251 [INFO] PluginManage:359 - Loaded plugin pinoutandconfiguration (category:base,tabindex:1)
2025-11-17 22:44:52,251 [INFO] PluginManage:310 - Check plugin pinoutconfig
2025-11-17 22:44:52,919 [WARN] SupportedApi:132 - Cannot load RTOS API schema: s4s-elt-must-match.1: The content of 'definitions' must match (annotation?, (simpleType | complexType)?, (unique | key | keyref)*)). A problem was found starting at: attribute.
2025-11-17 22:44:53,161 [INFO] PluginManage:359 - Loaded plugin pinoutconfig (category:base,tabindex:0)
2025-11-17 22:44:53,162 [INFO] PluginManage:310 - Check plugin power
2025-11-17 22:44:53,179 [INFO] PluginManage:359 - Loaded plugin power (category:power,tabindex:4)
2025-11-17 22:44:53,179 [INFO] PluginManage:310 - Check plugin projectmanager
2025-11-17 22:44:53,207 [INFO] PluginManage:359 - Loaded plugin projectmanager (category:projectmanager,tabindex:4)
2025-11-17 22:44:53,207 [INFO] PluginManage:310 - Check plugin rif
2025-11-17 22:44:53,220 [INFO] PluginManage:359 - Loaded plugin rif (category:base,tabindex:3)
2025-11-17 22:44:53,220 [INFO] PluginManage:310 - Check plugin thirdparty
2025-11-17 22:44:53,443 [WARN] IntegrityCheckThread:84 - waiting for thirdparty lock release [integrity check]
2025-11-17 22:44:53,444 [INFO] PluginManage:359 - Loaded plugin thirdparty (category:base,tabindex:-1)
2025-11-17 22:44:53,444 [INFO] IntegrityCheckThread:86 - entering critical section [integrity check]
2025-11-17 22:44:53,444 [INFO] PluginManage:310 - Check plugin tools
2025-11-17 22:44:53,445 [INFO] ThirdPartyUpdaterWithRetryManager:70 - Updater plugin not ready yet. [1/15]
2025-11-17 22:44:53,448 [INFO] PluginManage:359 - Loaded plugin tools (category:base,tabindex:7)
2025-11-17 22:44:53,448 [INFO] PluginManage:310 - Check plugin tutovideos
2025-11-17 22:44:53,784 [INFO] PluginManage:359 - Loaded plugin tutovideos (category:base,tabindex:-1)
2025-11-17 22:44:53,785 [INFO] PluginManage:310 - Check plugin updater
2025-11-17 22:44:53,814 [INFO] PluginManage:359 - Loaded plugin updater (category:base,tabindex:12)
2025-11-17 22:44:53,814 [INFO] PluginManage:310 - Check plugin userauth
2025-11-17 22:44:53,819 [INFO] UserAuth:118 - Init User Auth plugin
2025-11-17 22:44:53,822 [INFO] PluginManage:359 - Loaded plugin userauth (category:base,tabindex:14)
2025-11-17 22:44:53,822 [INFO] PluginManage:283 - PluginManage : Loaded plugins [18]
2025-11-17 22:44:54,130 [INFO] PinOutPanel:1589 - setPackage(No Configuration,No Configuration)
2025-11-17 22:44:54,252 [INFO] CADModel:165 - CPN selected for project level
2025-11-17 22:44:54,253 [INFO] CADModel:114 - Register for checkConnection events
2025-11-17 22:44:54,272 [INFO] IPUIPlugin:80 - create IPUIPlugin
2025-11-17 22:44:54,273 [INFO] PluginManager:220 - loadIPPluginJar : add mdma
2025-11-17 22:44:54,282 [INFO] IPUIPlugin:80 - create IPUIPlugin
2025-11-17 22:44:54,283 [INFO] PluginManager:220 - loadIPPluginJar : add freertos
2025-11-17 22:44:54,291 [INFO] IPUIPlugin:80 - create IPUIPlugin
2025-11-17 22:44:54,291 [INFO] PluginManager:220 - loadIPPluginJar : add gic
2025-11-17 22:44:54,306 [INFO] IPUIPlugin:80 - create IPUIPlugin
2025-11-17 22:44:54,307 [INFO] PluginManager:220 - loadIPPluginJar : add adc
2025-11-17 22:44:54,311 [INFO] IPUIPlugin:80 - create IPUIPlugin
2025-11-17 22:44:54,311 [INFO] PluginManager:220 - loadIPPluginJar : add gtzc
2025-11-17 22:44:54,314 [INFO] IPUIPlugin:80 - create IPUIPlugin
2025-11-17 22:44:54,314 [INFO] PluginManager:220 - loadIPPluginJar : add quadspi
2025-11-17 22:44:54,318 [INFO] IPUIPlugin:80 - create IPUIPlugin
2025-11-17 22:44:54,318 [INFO] PluginManager:220 - loadIPPluginJar : add aes
2025-11-17 22:44:54,323 [INFO] IPUIPlugin:80 - create IPUIPlugin
2025-11-17 22:44:54,323 [INFO] PluginManager:220 - loadIPPluginJar : add pdm2pcm
2025-11-17 22:44:54,326 [INFO] IPUIPlugin:80 - create IPUIPlugin
2025-11-17 22:44:54,327 [INFO] PluginManager:220 - loadIPPluginJar : add hash
2025-11-17 22:44:54,329 [INFO] IPUIPlugin:80 - create IPUIPlugin
2025-11-17 22:44:54,330 [INFO] PluginManager:220 - loadIPPluginJar : add tim
2025-11-17 22:44:54,332 [INFO] IPUIPlugin:80 - create IPUIPlugin
2025-11-17 22:44:54,332 [INFO] PluginManager:220 - loadIPPluginJar : add tsc
2025-11-17 22:44:54,337 [INFO] IPUIPlugin:80 - create IPUIPlugin
2025-11-17 22:44:54,337 [INFO] PluginManager:220 - loadIPPluginJar : add extmemmanager
2025-11-17 22:44:54,340 [INFO] IPUIPlugin:80 - create IPUIPlugin
2025-11-17 22:44:54,340 [INFO] PluginManager:220 - loadIPPluginJar : add ts
2025-11-17 22:44:54,343 [INFO] IPUIPlugin:80 - create IPUIPlugin
2025-11-17 22:44:54,344 [INFO] PluginManager:220 - loadIPPluginJar : add radio
2025-11-17 22:44:54,348 [INFO] IPUIPlugin:80 - create IPUIPlugin
2025-11-17 22:44:54,348 [INFO] PluginManager:220 - loadIPPluginJar : add can
2025-11-17 22:44:54,351 [INFO] IPUIPlugin:80 - create IPUIPlugin
2025-11-17 22:44:54,352 [INFO] PluginManager:220 - loadIPPluginJar : add dma3
2025-11-17 22:44:54,355 [INFO] IPUIPlugin:80 - create IPUIPlugin
2025-11-17 22:44:54,355 [INFO] PluginManager:220 - loadIPPluginJar : add dfsdm
2025-11-17 22:44:54,358 [INFO] IPUIPlugin:80 - create IPUIPlugin
2025-11-17 22:44:54,358 [INFO] PluginManager:220 - loadIPPluginJar : add spi
2025-11-17 22:44:54,361 [INFO] IPUIPlugin:80 - create IPUIPlugin
2025-11-17 22:44:54,362 [INFO] PluginManager:220 - loadIPPluginJar : add gfxmmu
2025-11-17 22:44:54,364 [INFO] IPUIPlugin:80 - create IPUIPlugin
2025-11-17 22:44:54,364 [INFO] PluginManager:220 - loadIPPluginJar : add genericplugin
2025-11-17 22:44:54,367 [INFO] IPUIPlugin:80 - create IPUIPlugin
2025-11-17 22:44:54,367 [INFO] PluginManager:220 - loadIPPluginJar : add cryp
2025-11-17 22:44:54,373 [INFO] IPUIPlugin:80 - create IPUIPlugin
2025-11-17 22:44:54,373 [INFO] PluginManager:220 - loadIPPluginJar : add gpio
2025-11-17 22:44:54,377 [INFO] IPUIPlugin:80 - create IPUIPlugin
2025-11-17 22:44:54,377 [INFO] PluginManager:220 - loadIPPluginJar : add ddr_ctrl_phy
2025-11-17 22:44:54,379 [INFO] IPUIPlugin:80 - create IPUIPlugin
2025-11-17 22:44:54,379 [INFO] PluginManager:220 - loadIPPluginJar : add comp
2025-11-17 22:44:54,382 [INFO] IPUIPlugin:80 - create IPUIPlugin
2025-11-17 22:44:54,383 [INFO] PluginManager:220 - loadIPPluginJar : add tracer_emb
2025-11-17 22:44:54,387 [INFO] IPUIPlugin:80 - create IPUIPlugin
2025-11-17 22:44:54,387 [INFO] PluginManager:220 - loadIPPluginJar : add openamp
2025-11-17 22:44:54,396 [INFO] IPUIPlugin:80 - create IPUIPlugin
2025-11-17 22:44:54,396 [INFO] PluginManager:220 - loadIPPluginJar : add stm32_wpan
2025-11-17 22:44:54,405 [INFO] IPUIPlugin:80 - create IPUIPlugin
2025-11-17 22:44:54,409 [INFO] PluginManager:220 - loadIPPluginJar : add plateformsettings
2025-11-17 22:44:54,414 [INFO] IPUIPlugin:80 - create IPUIPlugin
2025-11-17 22:44:54,414 [INFO] PluginManager:220 - loadIPPluginJar : add ipddr
2025-11-17 22:44:54,417 [INFO] IPUIPlugin:80 - create IPUIPlugin
2025-11-17 22:44:54,418 [INFO] PluginManager:220 - loadIPPluginJar : add usart
2025-11-17 22:44:54,420 [INFO] IPUIPlugin:80 - create IPUIPlugin
2025-11-17 22:44:54,420 [INFO] PluginManager:220 - loadIPPluginJar : add ltdc
2025-11-17 22:44:54,426 [INFO] IPUIPlugin:80 - create IPUIPlugin
2025-11-17 22:44:54,426 [INFO] PluginManager:220 - loadIPPluginJar : add nvic
2025-11-17 22:44:54,428 [INFO] IPUIPlugin:80 - create IPUIPlugin
2025-11-17 22:44:54,428 [INFO] PluginManager:220 - loadIPPluginJar : add fatfs
2025-11-17 22:44:54,438 [INFO] IPUIPlugin:80 - create IPUIPlugin
2025-11-17 22:44:54,438 [INFO] PluginManager:220 - loadIPPluginJar : add linkedlist
2025-11-17 22:44:54,446 [INFO] IPUIPlugin:80 - create IPUIPlugin
2025-11-17 22:44:54,446 [INFO] PluginManager:220 - loadIPPluginJar : add dma
2025-11-17 22:44:54,453 [INFO] IPUIPlugin:80 - create IPUIPlugin
2025-11-17 22:44:54,453 [INFO] PluginManager:220 - loadIPPluginJar : add fmc
2025-11-17 22:44:54,457 [INFO] IPUIPlugin:80 - create IPUIPlugin
2025-11-17 22:44:54,457 [INFO] PluginManager:220 - loadIPPluginJar : add i2s
2025-11-17 22:44:54,460 [INFO] IPUIPlugin:80 - create IPUIPlugin
2025-11-17 22:44:54,460 [INFO] PluginManager:220 - loadIPPluginJar : add ucpd
2025-11-17 22:44:54,464 [INFO] IPUIPlugin:80 - create IPUIPlugin
2025-11-17 22:44:54,464 [INFO] PluginManager:220 - loadIPPluginJar : add lorawan
2025-11-17 22:44:54,468 [INFO] IPUIPlugin:80 - create IPUIPlugin
2025-11-17 22:44:54,468 [INFO] PluginManager:220 - loadIPPluginJar : add opamp
2025-11-17 22:44:54,472 [INFO] IPUIPlugin:80 - create IPUIPlugin
2025-11-17 22:44:54,473 [INFO] PluginManager:220 - loadIPPluginJar : add i3c
2025-11-17 22:44:54,477 [INFO] IPUIPlugin:80 - create IPUIPlugin
2025-11-17 22:44:54,477 [INFO] PluginManager:220 - loadIPPluginJar : add touchsensing
2025-11-17 22:44:54,482 [INFO] IPUIPlugin:80 - create IPUIPlugin
2025-11-17 22:44:54,482 [INFO] PluginManager:220 - loadIPPluginJar : add i2c
2025-11-17 22:44:54,487 [INFO] IPUIPlugin:80 - create IPUIPlugin
2025-11-17 22:44:54,487 [INFO] PluginManager:220 - loadIPPluginJar : add resmgrutility
2025-11-17 22:44:54,492 [INFO] IPUIPlugin:80 - create IPUIPlugin
2025-11-17 22:44:54,492 [INFO] PluginManager:220 - loadIPPluginJar : add sai
2025-11-17 22:44:54,496 [INFO] IPUIPlugin:80 - create IPUIPlugin
2025-11-17 22:44:54,497 [INFO] PluginManager:220 - loadIPPluginJar : add usbx
2025-11-17 22:44:54,611 [FATAL] Updater:351 - Updater called before beeing initialized
2025-11-17 22:44:54,655 [INFO] RulesReader:64 - Compatibility file has been processed (317 Rules)
2025-11-17 22:44:54,672 [INFO] RulesReader:64 - Compatibility file has been processed (317 Rules)
2025-11-17 22:44:54,693 [INFO] CADModel:165 - CPN selected for project level
2025-11-17 22:44:54,693 [INFO] CADModel:114 - Register for checkConnection events
2025-11-17 22:44:54,694 [FATAL] Updater:351 - Updater called before beeing initialized
2025-11-17 22:44:54,694 [ERROR] CADModel:125 - Updater not yet initialized, retry later 
2025-11-17 22:44:55,006 [FATAL] Updater:351 - Updater called before beeing initialized
2025-11-17 22:44:55,009 [INFO] CADModel:165 - CPN selected for project level
2025-11-17 22:44:55,010 [INFO] CADModel:114 - Register for checkConnection events
2025-11-17 22:44:55,010 [FATAL] Updater:351 - Updater called before beeing initialized
2025-11-17 22:44:55,010 [ERROR] CADModel:125 - Updater not yet initialized, retry later 
2025-11-17 22:44:55,019 [FATAL] Updater:351 - Updater called before beeing initialized
2025-11-17 22:44:55,142 [FATAL] Updater:351 - Updater called before beeing initialized
2025-11-17 22:44:55,148 [INFO] DbMcusAds:53 - JSON generation date=Thu Oct 02 10:36:05 BST 2025 (1759397765045)
2025-11-17 22:44:55,149 [FATAL] Updater:351 - Updater called before beeing initialized
2025-11-17 22:44:55,228 [WARN] DetailPanel:346 - Failed to get advertising image, set to default
2025-11-17 22:44:55,357 [FATAL] Updater:351 - Updater called before beeing initialized
2025-11-17 22:44:55,360 [FATAL] Updater:351 - Updater called before beeing initialized
2025-11-17 22:44:55,360 [FATAL] Updater:351 - Updater called before beeing initialized
2025-11-17 22:44:55,360 [WARN] DetailPanel:346 - Failed to get advertising image, set to default
2025-11-17 22:44:55,362 [FATAL] Updater:351 - Updater called before beeing initialized
2025-11-17 22:44:55,413 [ERROR] Updater:1198 - MainUpdater not yet initialized. External WinMGr cannot be set.
2025-11-17 22:44:55,416 [INFO] Updater:1134 - Updater Version found : 6.15.0
2025-11-17 22:44:55,447 [INFO] ApplicationProperties:184 - Using Application install path: /Applications/STM32CubeIDE.app/Contents/Eclipse/plugins/com.st.stm32cube.common.mx_6.15.0.202507011659
2025-11-17 22:44:55,889 [INFO] MainUpdater:2872 - connection check result : 10
2025-11-17 22:44:55,889 [INFO] MainUpdater:3604 - Updater definition file requires update
2025-11-17 22:44:55,890 [INFO] MainUpdater:289 - Updater Check For Update Now.
2025-11-17 22:44:55,890 [INFO] MicroXplorer:498 - Change Database Version : DB.6.0.150
2025-11-17 22:44:55,909 [INFO] McuFinderGlobals:63 - Set McuFinder mode to 2 (CubeIDE integrated)
2025-11-17 22:44:55,910 [INFO] UserAuth:171 - activating auth plugin
2025-11-17 22:44:55,913 [INFO] UserAuth:487 - Internet connection configuration mode: 1
2025-11-17 22:44:55,937 [INFO] JxBrowserEngine:152 - Initiate JxBrowser Engine with user profile folder
2025-11-17 22:44:55,953 [INFO] ServerAccessManage:452 - Complete download http(s) 200
2025-11-17 22:44:55,956 [INFO] ServerAccessManage:509 - Download File updaters.zip
2025-11-17 22:44:56,221 [INFO] FileExtend:248 - Unzip File : updaters.zip
2025-11-17 22:44:56,222 [INFO] FileExtend:263 - Standard Zip Deflate
2025-11-17 22:44:56,458 [WARN] MainUpdater:1193 - Updater busy. Cannot search thirdparties
2025-11-17 22:44:56,473 [INFO] ThirdPartyUpdaterWithRetryManager:96 - Updater plugin is busy. [1/15]
2025-11-17 22:44:56,864 [INFO] ServerAccessManage:452 - Complete download http(s) 200
2025-11-17 22:44:56,864 [INFO] ServerAccessManage:509 - Download File PacksControlFlags.xml
2025-11-17 22:44:56,998 [INFO] ServerAccessManage:452 - Complete download http(s) 200
2025-11-17 22:44:56,999 [INFO] ServerAccessManage:509 - Download File cubemx.pidx
2025-11-17 22:44:57,221 [INFO] LoadServerUpdatesThread:375 - End of LoadServerUpdate Thread
2025-11-17 22:44:57,478 [INFO] CheckServerUpdateThread:120 - End of CheckServer Thread
2025-11-17 22:44:58,800 [INFO] WebApp:169 - Instantiating new browser for Auth
2025-11-17 22:44:59,949 [WARN] PackLoader:240 - Cannot read IP mode file for STMicroelectronics.FP-SNS-MOTENVWB1.1.4.0
2025-11-17 22:44:59,983 [WARN] PackLoader:240 - Cannot read IP mode file for STMicroelectronics.FP-ATR-ASTRA1.2.0.2
2025-11-17 22:45:00,007 [WARN] PackLoader:240 - Cannot read IP mode file for STMicroelectronics.X-CUBE-SMBUS.2.1.0
2025-11-17 22:45:00,031 [WARN] PackLoader:240 - Cannot read IP mode file for STMicroelectronics.X-CUBE-ST60.1.0.0
2025-11-17 22:45:00,234 [WARN] PackLoader:240 - Cannot read IP mode file for STMicroelectronics.X-CUBE-AZRTOS-F7.1.1.0
2025-11-17 22:45:00,287 [WARN] PackLoader:240 - Cannot read IP mode file for Cesanta.I-CUBE-Mongoose.7.19.0
2025-11-17 22:45:00,301 [WARN] PackLoader:240 - Cannot read IP mode file for STMicroelectronics.FP-SNS-MOTENV1.5.1.0
2025-11-17 22:45:00,380 [WARN] PackLoader:240 - Cannot read IP mode file for WES.I-CUBE-Cesium.1.4.0
2025-11-17 22:45:00,478 [WARN] PackLoader:240 - Cannot read IP mode file for Infineon.AIROC-Wi-Fi-Bluetooth-STM32.1.7.1
2025-11-17 22:45:00,565 [WARN] PackLoader:240 - Cannot read IP mode file for STMicroelectronics.X-CUBE-AZRTOS-H7.3.4.0
2025-11-17 22:45:00,586 [WARN] PackLoader:240 - Cannot read IP mode file for STMicroelectronics.X-CUBE-DISPLAY.3.0.0
2025-11-17 22:45:00,614 [WARN] PackLoader:240 - Cannot read IP mode file for STMicroelectronics.X-CUBE-NFC10.1.0.0
2025-11-17 22:45:00,628 [WARN] PackLoader:240 - Cannot read IP mode file for STMicroelectronics.X-CUBE-ST60.1.1.0
2025-11-17 22:45:00,647 [WARN] PackLoader:240 - Cannot read IP mode file for emotas.I-CUBE-CANOPEN.1.3.0
2025-11-17 22:45:00,663 [WARN] PackLoader:240 - Cannot read IP mode file for STMicroelectronics.X-CUBE-GNSS1.7.1.0
2025-11-17 22:45:00,683 [WARN] PackLoader:240 - Cannot read IP mode file for STMicroelectronics.FP-SNS-STBOX1.2.1.0
2025-11-17 22:45:00,703 [WARN] PackLoader:240 - Cannot read IP mode file for STMicroelectronics.FP-SNS-SMARTAG2.1.2.0
2025-11-17 22:45:00,715 [WARN] PackLoader:240 - Cannot read IP mode file for STMicroelectronics.FP-SNS-FLIGHT1.5.1.0
2025-11-17 22:45:00,770 [INFO] LogOutputStream:77 - [STDOUT_REDIRECT] 1 : Invalid condition id : UX_CORESTACK_Condition cause : null
2025-11-17 22:45:00,777 [INFO] LogOutputStream:77 - [STDOUT_REDIRECT] 1 : Invalid condition id : UX_CORESTACK_Condition cause : null
2025-11-17 22:45:00,789 [INFO] LogOutputStream:77 - [STDOUT_REDIRECT] 1 : Invalid condition id : UX_CORESTACK_Condition cause : null
2025-11-17 22:45:00,814 [INFO] LogOutputStream:77 - [STDOUT_REDIRECT] 1 : Invalid condition id : UX_CORESTACK_Condition cause : null
2025-11-17 22:45:00,820 [INFO] LogOutputStream:77 - [STDOUT_REDIRECT] 1 : Invalid condition id : UX_CORESTACK_Condition cause : null
2025-11-17 22:45:01,062 [INFO] WebApp:463 - Apply proxy settings
2025-11-17 22:45:01,068 [WARN] PackLoader:240 - Cannot read IP mode file for STMicroelectronics.X-CUBE-AZRTOS-WL.2.0.0
2025-11-17 22:45:01,074 [INFO] WebApp:508 - Chromium authenticates against Manually configured proxy
2025-11-17 22:45:01,083 [WARN] PackLoader:240 - Cannot read IP mode file for STMicroelectronics.FP-SNS-MOTENV1.5.0.0
2025-11-17 22:45:01,113 [WARN] PackLoader:240 - Cannot read IP mode file for STMicroelectronics.X-CUBE-BLE2.3.3.0
2025-11-17 22:45:01,124 [INFO] WebApp:516 - Username used for proxy authentication: 
2025-11-17 22:45:01,231 [WARN] PackLoader:240 - Cannot read IP mode file for STMicroelectronics.X-CUBE-NFC9.1.0.0
2025-11-17 22:45:01,260 [WARN] PackLoader:240 - Cannot read IP mode file for wolfSSL.I-CUBE-wolfSSL.5.8.2
2025-11-17 22:45:01,279 [WARN] PackLoader:240 - Cannot read IP mode file for STMicroelectronics.X-CUBE-BLE1.7.1.0
2025-11-17 22:45:01,297 [WARN] PackLoader:240 - Cannot read IP mode file for wolfSSL.I-CUBE-wolfMQTT.1.19.2
2025-11-17 22:45:01,320 [WARN] PackLoader:240 - Cannot read IP mode file for STMicroelectronics.X-CUBE-EEPRMA1.5.2.0
2025-11-17 22:45:01,344 [INFO] WebApp:900 - Register for checkConnection events
2025-11-17 22:45:01,344 [INFO] WebApp:463 - Apply proxy settings
2025-11-17 22:45:01,346 [WARN] PackLoader:240 - Cannot read IP mode file for STMicroelectronics.X-CUBE-ST67W61.1.1.0
2025-11-17 22:45:01,348 [INFO] WebApp:508 - Chromium authenticates against Manually configured proxy
2025-11-17 22:45:01,353 [INFO] WebApp:516 - Username used for proxy authentication: 
2025-11-17 22:45:01,393 [WARN] PackLoader:240 - Cannot read IP mode file for STMicroelectronics.X-CUBE-AZRTOS-G0.1.1.0
2025-11-17 22:45:01,417 [WARN] PackLoader:240 - Cannot read IP mode file for STMicroelectronics.X-CUBE-SAFEA1.1.2.2
2025-11-17 22:45:01,430 [WARN] PackLoader:240 - Cannot read IP mode file for STMicroelectronics.X-CUBE-NFC4.3.0.0
2025-11-17 22:45:01,445 [WARN] PackLoader:240 - Cannot read IP mode file for EmbeddedOffice.I-CUBE-FS-RTOS.1.0.1
2025-11-17 22:45:01,457 [WARN] PackLoader:240 - Cannot read IP mode file for STMicroelectronics.X-CUBE-WB05N.2.0.0
2025-11-17 22:45:01,463 [WARN] PackLoader:240 - Cannot read IP mode file for wolfSSL.I-CUBE-wolfTPM.3.8.0
2025-11-17 22:45:01,483 [WARN] PackLoader:240 - Cannot read IP mode file for STMicroelectronics.X-CUBE-TCPP.4.2.0
2025-11-17 22:45:01,499 [WARN] PackLoader:240 - Cannot read IP mode file for RealThread.X-CUBE-RT-Thread_Nano.4.1.1
2025-11-17 22:45:01,506 [WARN] PackLoader:240 - Cannot read IP mode file for STMicroelectronics.FP-ATR-SIGFOX1.3.2.0
2025-11-17 22:45:01,517 [WARN] PackLoader:240 - Cannot read IP mode file for ITTIA_DB.I-CUBE-ITTIADB.8.9.0
2025-11-17 22:45:01,620 [INFO] WebApp:191 - Connection restablished
2025-11-17 22:45:01,727 [WARN] PackLoader:240 - Cannot read IP mode file for STMicroelectronics.X-CUBE-ST67W61.1.0.0
2025-11-17 22:45:01,763 [WARN] PackLoader:240 - Cannot read IP mode file for STMicroelectronics.X-CUBE-AI.10.2.0
2025-11-17 22:45:02,085 [WARN] PackLoader:240 - Cannot read IP mode file for SEGGER.I-CUBE-embOS.1.3.1
2025-11-17 22:45:02,633 [WARN] PackLoader:240 - Cannot read IP mode file for STMicroelectronics.X-CUBE-ALGOBUILD.1.4.0
2025-11-17 22:45:02,803 [WARN] PackLoader:240 - Cannot read IP mode file for STMicroelectronics.X-CUBE-MEMS1.11.3.0
2025-11-17 22:45:02,896 [INFO] WebApp:225 - Starting web application
2025-11-17 22:45:02,897 [INFO] WebApp:593 - Web application path used /Applications/STM32CubeIDE.app/Contents/Eclipse/plugins/com.st.stm32cube.common.mx_6.15.0.202507011659/db/plugins/mcufinder/reactClient1/index.html
2025-11-17 22:45:03,719 [WARN] PackLoader:240 - Cannot read IP mode file for STMicroelectronics.X-CUBE-PM33A1.1.0.0
2025-11-17 22:45:03,758 [WARN] PackLoader:240 - Cannot read IP mode file for STMicroelectronics.X-CUBE-AZRTOS-F4.1.1.0
2025-11-17 22:45:03,771 [WARN] PackLoader:240 - Cannot read IP mode file for STMicroelectronics.X-CUBE-ISPU.2.1.0
2025-11-17 22:45:03,800 [WARN] PackLoader:240 - Cannot read IP mode file for STMicroelectronics.X-CUBE-IPS.3.2.0
2025-11-17 22:45:03,822 [WARN] PackLoader:240 - Cannot read IP mode file for STMicroelectronics.X-CUBE-NFC12.1.0.0
2025-11-17 22:45:03,873 [WARN] PackLoader:240 - Cannot read IP mode file for STMicroelectronics.X-CUBE-AZRTOS-L5.2.0.0
2025-11-17 22:45:03,894 [WARN] PackLoader:240 - Cannot read IP mode file for STMicroelectronics.X-CUBE-NFC6.3.1.0
2025-11-17 22:45:03,916 [WARN] PackLoader:240 - Cannot read IP mode file for STMicroelectronics.X-CUBE-FREERTOS.1.3.1
2025-11-17 22:45:03,928 [WARN] PackLoader:240 - Cannot read IP mode file for STMicroelectronics.X-CUBE-TOUCHGFX.4.26.0
2025-11-17 22:45:03,940 [WARN] PackLoader:240 - Cannot read IP mode file for STMicroelectronics.FP-SNS-STAIOTCFT.1.0.0
2025-11-17 22:45:03,951 [WARN] PackLoader:240 - Cannot read IP mode file for STMicroelectronics.X-CUBE-DPower.1.3.0
2025-11-17 22:45:03,996 [WARN] ConditionMgr:438 - getConditionDescription Invalid condition id : LAN8742 Phy interface Condition cause : null
2025-11-17 22:45:03,998 [WARN] PackLoader:240 - Cannot read IP mode file for STMicroelectronics.X-CUBE-AZRTOS-L4.2.0.0
2025-11-17 22:45:04,000 [WARN] ConditionMgr:1044 - genDependencies : Invalid condition id : LAN8742 Phy interface Condition cause : null
2025-11-17 22:45:04,001 [WARN] ConditionMgr:1044 - genDependencies : Invalid condition id : LAN8742 Phy interface Condition cause : null
2025-11-17 22:45:04,003 [WARN] ConditionMgr:1044 - genDependencies : Invalid condition id : LAN8742 Phy interface Condition cause : null
2025-11-17 22:45:04,022 [WARN] PackLoader:240 - Cannot read IP mode file for STMicroelectronics.X-CUBE-SFXS2LP1.4.0.0
2025-11-17 22:45:04,061 [WARN] PackLoader:240 - Cannot read IP mode file for STMicroelectronics.X-CUBE-BLEMGR.4.1.0
2025-11-17 22:45:04,096 [WARN] ConditionMgr:438 - getConditionDescription Invalid condition id : UX DEVICE CLASS RTOS Condition cause : null
2025-11-17 22:45:04,096 [WARN] ConditionMgr:438 - getConditionDescription Invalid condition id : UX DEVICE CLASS RTOS Condition cause : null
2025-11-17 22:45:04,102 [WARN] PackLoader:240 - Cannot read IP mode file for STMicroelectronics.X-CUBE-AZRTOS-WB.2.0.0
2025-11-17 22:45:04,103 [WARN] ConditionMgr:1044 - genDependencies : Invalid condition id : UX DEVICE CLASS RTOS Condition cause : null
2025-11-17 22:45:04,104 [WARN] ConditionMgr:1044 - genDependencies : Invalid condition id : UX DEVICE CLASS RTOS Condition cause : null
2025-11-17 22:45:04,104 [WARN] ConditionMgr:1044 - genDependencies : Invalid condition id : UX DEVICE CLASS RTOS Condition cause : null
2025-11-17 22:45:04,105 [WARN] ConditionMgr:1044 - genDependencies : Invalid condition id : UX DEVICE CLASS RTOS Condition cause : null
2025-11-17 22:45:04,106 [WARN] ConditionMgr:1044 - genDependencies : Invalid condition id : UX DEVICE CLASS RTOS Condition cause : null
2025-11-17 22:45:04,114 [WARN] PackLoader:240 - Cannot read IP mode file for STMicroelectronics.X-CUBE-GNSS1.7.0.1
2025-11-17 22:45:04,121 [WARN] ConditionMgr:438 - getConditionDescription Invalid condition id : Cortex-A Device cause : null
2025-11-17 22:45:04,131 [WARN] ConditionMgr:1044 - genDependencies : Invalid condition id : Cortex-A Device cause : null
2025-11-17 22:45:04,131 [WARN] ConditionMgr:1044 - genDependencies : Invalid condition id : Cortex-A Device cause : null
2025-11-17 22:45:04,132 [WARN] ConditionMgr:1044 - genDependencies : Invalid condition id : Cortex-A Device cause : null
2025-11-17 22:45:04,149 [WARN] PackLoader:240 - Cannot read IP mode file for STMicroelectronics.X-CUBE-SUBG2.5.0.0
2025-11-17 22:45:04,196 [WARN] PackLoader:240 - Cannot read IP mode file for STMicroelectronics.X-CUBE-AZRTOS-H7RS.1.1.0
2025-11-17 22:45:04,226 [WARN] PackLoader:240 - Cannot read IP mode file for STMicroelectronics.X-CUBE-AZRTOS-G4.2.0.0
2025-11-17 22:45:04,233 [WARN] PackLoader:240 - Cannot read IP mode file for wolfSSL.I-CUBE-wolfSSH.1.4.20
2025-11-17 22:45:04,240 [WARN] PackLoader:240 - Cannot read IP mode file for STMicroelectronics.X-CUBE-NFC7.2.0.0
2025-11-17 22:45:04,297 [WARN] PackLoader:240 - Cannot read IP mode file for STMicroelectronics.X-CUBE-IPS.3.1.0
2025-11-17 22:45:04,321 [WARN] PackLoader:240 - Cannot read IP mode file for STMicroelectronics.X-CUBE-ALS.1.0.2
2025-11-17 22:45:04,332 [WARN] PackLoader:240 - Cannot read IP mode file for STMicroelectronics.X-CUBE-STSE01.1.0.0
2025-11-17 22:45:04,354 [WARN] PackLoader:240 - Cannot read IP mode file for STMicroelectronics.X-CUBE-TOF1.3.4.3
2025-11-17 22:45:04,383 [INFO] ThirdParty:978 - Integrity check success = true
2025-11-17 22:45:04,383 [INFO] IntegrityCheckThread:100 - exiting critical section [integrity check]
2025-11-17 22:45:04,384 [INFO] IntegrityCheckThread:103 - End integrity checks thread
