2025-10-20 18:48:21,909 [INFO] Activator:176 - 


2025-10-20 18:48:21,912 [INFO] Activator:177 - !SESSION log4j initialized
2025-10-20 18:48:23,574 [ERROR] LogOutputStream:75 - [STDERR_REDIRECT] 
2025-10-20 18:48:26,327 [INFO] LogOutputStream:77 - [STDOUT_REDIRECT] 
2025-10-20 18:48:27,139 [ERROR] LogOutputStream:75 - [STDERR_REDIRECT] java.net.URISyntaxException: Illegal character in path at index 45: file:/Users/Nekki/Downloads/STM32F4_Workspace (3)/.metadata/.log4j2.xml
2025-10-20 18:48:27,140 [ERROR] LogOutputStream:75 - [STDERR_REDIRECT] 	at java.base/java.net.URI$Parser.fail(URI.java:2995)
2025-10-20 18:48:27,171 [ERROR] LogOutputStream:75 - [STDERR_REDIRECT] 	at java.base/java.net.URI$Parser.checkChars(URI.java:3166)
2025-10-20 18:48:27,172 [ERROR] LogOutputStream:75 - [STDERR_REDIRECT] 	at java.base/java.net.URI$Parser.parseHierarchical(URI.java:3248)
2025-10-20 18:48:27,211 [ERROR] LogOutputStream:75 - [STDERR_REDIRECT] 	at java.base/java.net.URI$Parser.parse(URI.java:3196)
2025-10-20 18:48:27,212 [ERROR] LogOutputStream:75 - [STDERR_REDIRECT] 	at java.base/java.net.URI.<init>(URI.java:645)
2025-10-20 18:48:27,216 [ERROR] LogOutputStream:75 - [STDERR_REDIRECT] 	at java.base/java.net.URL.toURI(URL.java:1220)
2025-10-20 18:48:27,217 [ERROR] LogOutputStream:75 - [STDERR_REDIRECT] 	at com.st.stm32cube.common.mx.core.CubeMxInstance.getInstance(CubeMxInstance.java:81)
2025-10-20 18:48:27,217 [ERROR] LogOutputStream:75 - [STDERR_REDIRECT] 	at com.st.stm32cube.common.mx.userauth.UserAuthAdapter.<init>(UserAuthAdapter.java:25)
2025-10-20 18:48:27,218 [ERROR] LogOutputStream:75 - [STDERR_REDIRECT] 	at com.st.stm32cube.common.mx.userauth.UserAuthProvider.getUserAuthAdapter(UserAuthProvider.java:16)
2025-10-20 18:48:27,218 [ERROR] LogOutputStream:75 - [STDERR_REDIRECT] 	at com.st.stm32cube.common.ecosystemintegration.ui.core.MCUEcoSystemIntegrationUiHelper.getUserAuth(MCUEcoSystemIntegrationUiHelper.java:100)
2025-10-20 18:48:27,219 [ERROR] LogOutputStream:75 - [STDERR_REDIRECT] 	at com.st.stm32cube.ide.mcu.userauth.UserAuthStartup.earlyStartup(UserAuthStartup.java:32)
2025-10-20 18:48:27,220 [ERROR] LogOutputStream:75 - [STDERR_REDIRECT] 	at org.eclipse.ui.internal.EarlyStartupRunnable.runEarlyStartup(EarlyStartupRunnable.java:79)
2025-10-20 18:48:27,221 [ERROR] LogOutputStream:75 - [STDERR_REDIRECT] 	at org.eclipse.ui.internal.EarlyStartupRunnable.run(EarlyStartupRunnable.java:55)
2025-10-20 18:48:27,221 [ERROR] LogOutputStream:75 - [STDERR_REDIRECT] 	at org.eclipse.core.runtime.SafeRunner.run(SafeRunner.java:47)
2025-10-20 18:48:27,222 [ERROR] LogOutputStream:75 - [STDERR_REDIRECT] 	at org.eclipse.ui.internal.Workbench$39.run(Workbench.java:2733)
2025-10-20 18:48:27,222 [ERROR] LogOutputStream:75 - [STDERR_REDIRECT] 	at org.eclipse.core.internal.jobs.Worker.run(Worker.java:63)
2025-10-20 18:48:41,459 [INFO] LogOutputStream:77 - [STDOUT_REDIRECT] 1 : Invalid condition id : UX_CORESTACK_Condition cause : null
2025-10-20 18:48:41,460 [INFO] LogOutputStream:77 - [STDOUT_REDIRECT] 1 : Invalid condition id : UX_CORESTACK_Condition cause : null
2025-10-20 18:48:41,462 [INFO] LogOutputStream:77 - [STDOUT_REDIRECT] 1 : Invalid condition id : UX_CORESTACK_Condition cause : null
2025-10-20 18:48:41,462 [INFO] LogOutputStream:77 - [STDOUT_REDIRECT] 1 : Invalid condition id : UX_CORESTACK_Condition cause : null
2025-10-20 18:48:41,463 [INFO] LogOutputStream:77 - [STDOUT_REDIRECT] 1 : Invalid condition id : UX_CORESTACK_Condition cause : null
2025-10-20 19:29:31,825 [INFO] LogOutputStream:77 - [STDOUT_REDIRECT] ***WARNING: Display must be created on main thread due to Cocoa restrictions. Use vmarg -XstartOnFirstThread
2025-10-20 19:29:31,835 [INFO] LogOutputStream:77 - [STDOUT_REDIRECT] ***WARNING: Display must be created on main thread due to Cocoa restrictions. Use vmarg -XstartOnFirstThread
2025-10-20 19:29:31,962 [INFO] LogOutputStream:77 - [STDOUT_REDIRECT] ***WARNING: Display must be created on main thread due to Cocoa restrictions. Use vmarg -XstartOnFirstThread
2025-10-20 19:29:32,563 [ERROR] LogOutputStream:75 - [STDERR_REDIRECT] 
2025-10-20 19:30:19,956 [INFO] Activator:176 - 


2025-10-20 19:30:19,959 [INFO] Activator:177 - !SESSION log4j initialized
2025-10-20 19:30:24,785 [INFO] LogOutputStream:77 - [STDOUT_REDIRECT] 
2025-10-20 19:30:26,048 [ERROR] LogOutputStream:75 - [STDERR_REDIRECT] 
2025-10-20 19:30:28,773 [INFO] LogOutputStream:77 - [STDOUT_REDIRECT] 
2025-10-20 19:30:29,619 [ERROR] LogOutputStream:75 - [STDERR_REDIRECT] java.net.URISyntaxException: Illegal character in path at index 45: file:/Users/Nekki/Downloads/STM32F4_Workspace (3)/.metadata/.log4j2.xml
2025-10-20 19:30:29,621 [ERROR] LogOutputStream:75 - [STDERR_REDIRECT] 	at java.base/java.net.URI$Parser.fail(URI.java:2995)
2025-10-20 19:30:29,622 [ERROR] LogOutputStream:75 - [STDERR_REDIRECT] 	at java.base/java.net.URI$Parser.checkChars(URI.java:3166)
2025-10-20 19:30:29,623 [ERROR] LogOutputStream:75 - [STDERR_REDIRECT] 	at java.base/java.net.URI$Parser.parseHierarchical(URI.java:3248)
2025-10-20 19:30:29,623 [ERROR] LogOutputStream:75 - [STDERR_REDIRECT] 	at java.base/java.net.URI$Parser.parse(URI.java:3196)
2025-10-20 19:30:29,624 [ERROR] LogOutputStream:75 - [STDERR_REDIRECT] 	at java.base/java.net.URI.<init>(URI.java:645)
2025-10-20 19:30:29,625 [ERROR] LogOutputStream:75 - [STDERR_REDIRECT] 	at java.base/java.net.URL.toURI(URL.java:1220)
2025-10-20 19:30:29,625 [ERROR] LogOutputStream:75 - [STDERR_REDIRECT] 	at com.st.stm32cube.common.mx.core.CubeMxInstance.getInstance(CubeMxInstance.java:81)
2025-10-20 19:30:29,626 [ERROR] LogOutputStream:75 - [STDERR_REDIRECT] 	at com.st.stm32cube.common.mx.userauth.UserAuthAdapter.<init>(UserAuthAdapter.java:25)
2025-10-20 19:30:29,626 [ERROR] LogOutputStream:75 - [STDERR_REDIRECT] 	at com.st.stm32cube.common.mx.userauth.UserAuthProvider.getUserAuthAdapter(UserAuthProvider.java:16)
2025-10-20 19:30:29,627 [ERROR] LogOutputStream:75 - [STDERR_REDIRECT] 	at com.st.stm32cube.common.ecosystemintegration.ui.core.MCUEcoSystemIntegrationUiHelper.getUserAuth(MCUEcoSystemIntegrationUiHelper.java:100)
2025-10-20 19:30:29,627 [ERROR] LogOutputStream:75 - [STDERR_REDIRECT] 	at com.st.stm32cube.ide.mcu.userauth.UserAuthStartup.earlyStartup(UserAuthStartup.java:32)
2025-10-20 19:30:29,628 [ERROR] LogOutputStream:75 - [STDERR_REDIRECT] 	at org.eclipse.ui.internal.EarlyStartupRunnable.runEarlyStartup(EarlyStartupRunnable.java:79)
2025-10-20 19:30:29,628 [ERROR] LogOutputStream:75 - [STDERR_REDIRECT] 	at org.eclipse.ui.internal.EarlyStartupRunnable.run(EarlyStartupRunnable.java:55)
2025-10-20 19:30:29,629 [ERROR] LogOutputStream:75 - [STDERR_REDIRECT] 	at org.eclipse.core.runtime.SafeRunner.run(SafeRunner.java:47)
2025-10-20 19:30:29,629 [ERROR] LogOutputStream:75 - [STDERR_REDIRECT] 	at org.eclipse.ui.internal.Workbench$39.run(Workbench.java:2733)
2025-10-20 19:30:29,630 [ERROR] LogOutputStream:75 - [STDERR_REDIRECT] 	at org.eclipse.core.internal.jobs.Worker.run(Worker.java:63)
2025-10-20 19:30:30,036 [INFO] ApplicationProperties:184 - Using Application install path: /Applications/STM32CubeIDE.app/Contents/Eclipse/plugins/com.st.stm32cube.common.mx_6.15.0.202507011659
2025-10-20 19:30:30,069 [INFO] DbMcusXml:78 - Set database path to: /Applications/STM32CubeIDE.app/Contents/Eclipse/plugins/com.st.stm32cube.common.mx_6.15.0.202507011659//db//mcu/
2025-10-20 19:30:30,070 [INFO] ApiDb:274 - Set plugin database path to: /Applications/STM32CubeIDE.app/Contents/Eclipse/plugins/com.st.stm32cube.common.mx_6.15.0.202507011659//db//plugins/boardmanager/
2025-10-20 19:30:30,070 [WARN] ApiDb:259 - Overriding images path with different value:  => /Applications/STM32CubeIDE.app/Contents/Eclipse/plugins/com.st.stm32cube.common.mx_6.15.0.202507011659//db//plugins/mcufinder/images/
2025-10-20 19:30:30,075 [INFO] ApiDb:250 - Set database path to: /Users/Nekki/.stmcufinder/plugins/mcufinder//mcu/
2025-10-20 19:30:30,077 [INFO] DbMcusAds:125 - Set database path to: /Users/Nekki/.stmcufinder/plugins/mcufinder//mcu/
2025-10-20 19:30:30,080 [INFO] CrossReferenceDbSqlite:203 - Set database path to: /Users/Nekki/.stmcufinder/plugins/mcufinder//mcu/cs/
2025-10-20 19:30:30,246 [INFO] RulesReader:64 - Compatibility file has been processed (317 Rules)
2025-10-20 19:30:30,315 [INFO] DbMcusXml:78 - Set database path to: /Applications/STM32CubeIDE.app/Contents/Eclipse/plugins/com.st.stm32cube.common.mx_6.15.0.202507011659//db//mcu/
2025-10-20 19:30:30,315 [INFO] ApiDb:274 - Set plugin database path to: /Applications/STM32CubeIDE.app/Contents/Eclipse/plugins/com.st.stm32cube.common.mx_6.15.0.202507011659//db//plugins/boardmanager/
2025-10-20 19:30:30,315 [INFO] ApiDb:261 - Set plugin images path to: /Applications/STM32CubeIDE.app/Contents/Eclipse/plugins/com.st.stm32cube.common.mx_6.15.0.202507011659//db//plugins/mcufinder/images/
2025-10-20 19:30:30,316 [WARN] DbFile:41 - Overriding database path with different value: /Users/Nekki/.stmcufinder/plugins/mcufinder/ => /Users/Nekki/.stmcufinder/plugins/mcufinder
2025-10-20 19:30:30,316 [INFO] ApiDb:250 - Set database path to: /Users/Nekki/.stmcufinder/plugins/mcufinder//mcu/
2025-10-20 19:30:30,316 [WARN] DbFile:41 - Overriding database path with different value: /Users/Nekki/.stmcufinder/plugins/mcufinder/ => /Users/Nekki/.stmcufinder/plugins/mcufinder
2025-10-20 19:30:30,316 [INFO] DbMcusAds:125 - Set database path to: /Users/Nekki/.stmcufinder/plugins/mcufinder//mcu/
2025-10-20 19:30:30,316 [WARN] DbFile:41 - Overriding database path with different value: /Users/Nekki/.stmcufinder/plugins/mcufinder/ => /Users/Nekki/.stmcufinder/plugins/mcufinder
2025-10-20 19:30:30,316 [WARN] DbFile:41 - Overriding database path with different value: /Users/Nekki/.stmcufinder/plugins/mcufinder/ => /Users/Nekki/.stmcufinder/plugins/mcufinder
2025-10-20 19:30:30,317 [INFO] CrossReferenceDbSqlite:203 - Set database path to: /Users/Nekki/.stmcufinder/plugins/mcufinder//mcu/cs/
2025-10-20 19:30:30,410 [INFO] MainPanel:274 - HeapMemory: 268435456
2025-10-20 19:30:30,842 [INFO] DbMcusXml:78 - Set database path to: /Applications/STM32CubeIDE.app/Contents/Eclipse/plugins/com.st.stm32cube.common.mx_6.15.0.202507011659//db//mcu/
2025-10-20 19:30:30,842 [INFO] ApiDb:274 - Set plugin database path to: /Applications/STM32CubeIDE.app/Contents/Eclipse/plugins/com.st.stm32cube.common.mx_6.15.0.202507011659//db//plugins/boardmanager/
2025-10-20 19:30:30,842 [INFO] ApiDb:261 - Set plugin images path to: /Applications/STM32CubeIDE.app/Contents/Eclipse/plugins/com.st.stm32cube.common.mx_6.15.0.202507011659//db//plugins/mcufinder/images/
2025-10-20 19:30:30,843 [WARN] DbFile:41 - Overriding database path with different value: /Users/Nekki/.stmcufinder/plugins/mcufinder/ => /Users/Nekki/.stmcufinder/plugins/mcufinder
2025-10-20 19:30:30,843 [INFO] ApiDb:250 - Set database path to: /Users/Nekki/.stmcufinder/plugins/mcufinder//mcu/
2025-10-20 19:30:30,843 [WARN] DbFile:41 - Overriding database path with different value: /Users/Nekki/.stmcufinder/plugins/mcufinder/ => /Users/Nekki/.stmcufinder/plugins/mcufinder
2025-10-20 19:30:30,843 [INFO] DbMcusAds:125 - Set database path to: /Users/Nekki/.stmcufinder/plugins/mcufinder//mcu/
2025-10-20 19:30:30,843 [WARN] DbFile:41 - Overriding database path with different value: /Users/Nekki/.stmcufinder/plugins/mcufinder/ => /Users/Nekki/.stmcufinder/plugins/mcufinder
2025-10-20 19:30:30,843 [WARN] DbFile:41 - Overriding database path with different value: /Users/Nekki/.stmcufinder/plugins/mcufinder/ => /Users/Nekki/.stmcufinder/plugins/mcufinder
2025-10-20 19:30:30,843 [INFO] CrossReferenceDbSqlite:203 - Set database path to: /Users/Nekki/.stmcufinder/plugins/mcufinder//mcu/cs/
2025-10-20 19:30:30,864 [INFO] ApplicationProperties:184 - Using Application install path: /Applications/STM32CubeIDE.app/Contents/Eclipse/plugins/com.st.stm32cube.common.mx_6.15.0.202507011659
2025-10-20 19:30:30,866 [INFO] PluginManage:196 - Search for loadable plugins [exclusion list=, ]
2025-10-20 19:30:30,868 [INFO] PluginManage:310 - Check plugin analytics
2025-10-20 19:30:31,185 [INFO] AnalyticsPlugin:253 - Accepted Software Licenses: 
2025-10-20 19:30:31,185 [INFO] AnalyticsPlugin:255 - Accepted CMSIS Pack Licenses: 
2025-10-20 19:30:31,186 [INFO] AnalyticsPlugin:257 - Accepted Firmware Licenses: 
2025-10-20 19:30:31,191 [INFO] PluginManage:359 - Loaded plugin analytics (category:tool,tabindex:-1)
2025-10-20 19:30:31,192 [INFO] PluginManage:310 - Check plugin cadmodel
2025-10-20 19:30:31,199 [INFO] CADModel:105 - Init CAD model plugin
2025-10-20 19:30:31,200 [INFO] PluginManage:359 - Loaded plugin cadmodel (category:power,tabindex:5)
2025-10-20 19:30:31,200 [INFO] PluginManage:310 - Check plugin clock
2025-10-20 19:30:31,215 [INFO] PluginManage:359 - Loaded plugin clock (category:base,tabindex:2)
2025-10-20 19:30:31,215 [INFO] PluginManage:310 - Check plugin ddr
2025-10-20 19:30:31,219 [INFO] PluginManage:359 - Loaded plugin ddr (category:tool,tabindex:6)
2025-10-20 19:30:31,220 [INFO] PluginManage:310 - Check plugin filemanager
2025-10-20 19:30:31,449 [INFO] PluginManage:359 - Loaded plugin filemanager (category:base,tabindex:10)
2025-10-20 19:30:31,450 [INFO] PluginManage:310 - Check plugin ipmanager
2025-10-20 19:30:31,459 [INFO] PluginManage:359 - Loaded plugin ipmanager (category:base,tabindex:5)
2025-10-20 19:30:31,459 [INFO] PluginManage:310 - Check plugin lpbam
2025-10-20 19:30:31,475 [INFO] PluginManage:359 - Loaded plugin lpbam (category:base,tabindex:0)
2025-10-20 19:30:31,476 [INFO] PluginManage:310 - Check plugin memorymap
2025-10-20 19:30:31,495 [INFO] PluginManage:359 - Loaded plugin memorymap (category:base,tabindex:4)
2025-10-20 19:30:31,496 [INFO] PluginManage:310 - Check plugin pinoutandconfiguration
2025-10-20 19:30:31,507 [INFO] PluginManage:359 - Loaded plugin pinoutandconfiguration (category:base,tabindex:1)
2025-10-20 19:30:31,507 [INFO] PluginManage:310 - Check plugin pinoutconfig
2025-10-20 19:30:31,632 [WARN] SupportedApi:132 - Cannot load RTOS API schema: s4s-elt-must-match.1: The content of 'definitions' must match (annotation?, (simpleType | complexType)?, (unique | key | keyref)*)). A problem was found starting at: attribute.
2025-10-20 19:30:31,858 [INFO] PluginManage:359 - Loaded plugin pinoutconfig (category:base,tabindex:0)
2025-10-20 19:30:31,858 [INFO] PluginManage:310 - Check plugin power
2025-10-20 19:30:31,872 [INFO] PluginManage:359 - Loaded plugin power (category:power,tabindex:4)
2025-10-20 19:30:31,873 [INFO] PluginManage:310 - Check plugin projectmanager
2025-10-20 19:30:31,898 [INFO] PluginManage:359 - Loaded plugin projectmanager (category:projectmanager,tabindex:4)
2025-10-20 19:30:31,899 [INFO] PluginManage:310 - Check plugin rif
2025-10-20 19:30:31,914 [INFO] PluginManage:359 - Loaded plugin rif (category:base,tabindex:3)
2025-10-20 19:30:31,914 [INFO] PluginManage:310 - Check plugin thirdparty
2025-10-20 19:30:32,116 [WARN] IntegrityCheckThread:84 - waiting for thirdparty lock release [integrity check]
2025-10-20 19:30:32,117 [INFO] PluginManage:359 - Loaded plugin thirdparty (category:base,tabindex:-1)
2025-10-20 19:30:32,117 [INFO] IntegrityCheckThread:86 - entering critical section [integrity check]
2025-10-20 19:30:32,117 [INFO] PluginManage:310 - Check plugin tools
2025-10-20 19:30:32,117 [INFO] ThirdPartyUpdaterWithRetryManager:70 - Updater plugin not ready yet. [1/15]
2025-10-20 19:30:32,120 [INFO] PluginManage:359 - Loaded plugin tools (category:base,tabindex:7)
2025-10-20 19:30:32,121 [INFO] PluginManage:310 - Check plugin tutovideos
2025-10-20 19:30:32,482 [INFO] PluginManage:359 - Loaded plugin tutovideos (category:base,tabindex:-1)
2025-10-20 19:30:32,482 [INFO] PluginManage:310 - Check plugin updater
2025-10-20 19:30:32,520 [INFO] PluginManage:359 - Loaded plugin updater (category:base,tabindex:12)
2025-10-20 19:30:32,521 [INFO] PluginManage:310 - Check plugin userauth
2025-10-20 19:30:32,548 [INFO] UserAuth:118 - Init User Auth plugin
2025-10-20 19:30:32,558 [INFO] PluginManage:359 - Loaded plugin userauth (category:base,tabindex:14)
2025-10-20 19:30:32,560 [INFO] PluginManage:283 - PluginManage : Loaded plugins [18]
2025-10-20 19:30:33,102 [INFO] PinOutPanel:1589 - setPackage(No Configuration,No Configuration)
2025-10-20 19:30:33,231 [INFO] CADModel:165 - CPN selected for project level
2025-10-20 19:30:33,231 [INFO] CADModel:114 - Register for checkConnection events
2025-10-20 19:30:33,263 [INFO] IPUIPlugin:80 - create IPUIPlugin
2025-10-20 19:30:33,265 [INFO] PluginManager:220 - loadIPPluginJar : add mdma
2025-10-20 19:30:33,278 [INFO] IPUIPlugin:80 - create IPUIPlugin
2025-10-20 19:30:33,278 [INFO] PluginManager:220 - loadIPPluginJar : add freertos
2025-10-20 19:30:33,289 [INFO] IPUIPlugin:80 - create IPUIPlugin
2025-10-20 19:30:33,290 [INFO] PluginManager:220 - loadIPPluginJar : add gic
2025-10-20 19:30:33,312 [INFO] IPUIPlugin:80 - create IPUIPlugin
2025-10-20 19:30:33,312 [INFO] PluginManager:220 - loadIPPluginJar : add adc
2025-10-20 19:30:33,318 [INFO] IPUIPlugin:80 - create IPUIPlugin
2025-10-20 19:30:33,318 [INFO] PluginManager:220 - loadIPPluginJar : add gtzc
2025-10-20 19:30:33,321 [INFO] IPUIPlugin:80 - create IPUIPlugin
2025-10-20 19:30:33,321 [INFO] PluginManager:220 - loadIPPluginJar : add quadspi
2025-10-20 19:30:33,326 [INFO] IPUIPlugin:80 - create IPUIPlugin
2025-10-20 19:30:33,326 [INFO] PluginManager:220 - loadIPPluginJar : add aes
2025-10-20 19:30:33,332 [INFO] IPUIPlugin:80 - create IPUIPlugin
2025-10-20 19:30:33,332 [INFO] PluginManager:220 - loadIPPluginJar : add pdm2pcm
2025-10-20 19:30:33,336 [INFO] IPUIPlugin:80 - create IPUIPlugin
2025-10-20 19:30:33,337 [INFO] PluginManager:220 - loadIPPluginJar : add hash
2025-10-20 19:30:33,340 [INFO] IPUIPlugin:80 - create IPUIPlugin
2025-10-20 19:30:33,340 [INFO] PluginManager:220 - loadIPPluginJar : add tim
2025-10-20 19:30:33,343 [INFO] IPUIPlugin:80 - create IPUIPlugin
2025-10-20 19:30:33,344 [INFO] PluginManager:220 - loadIPPluginJar : add tsc
2025-10-20 19:30:33,349 [INFO] IPUIPlugin:80 - create IPUIPlugin
2025-10-20 19:30:33,350 [INFO] PluginManager:220 - loadIPPluginJar : add extmemmanager
2025-10-20 19:30:33,353 [INFO] IPUIPlugin:80 - create IPUIPlugin
2025-10-20 19:30:33,354 [INFO] PluginManager:220 - loadIPPluginJar : add ts
2025-10-20 19:30:33,363 [INFO] IPUIPlugin:80 - create IPUIPlugin
2025-10-20 19:30:33,364 [INFO] PluginManager:220 - loadIPPluginJar : add radio
2025-10-20 19:30:33,369 [INFO] IPUIPlugin:80 - create IPUIPlugin
2025-10-20 19:30:33,369 [INFO] PluginManager:220 - loadIPPluginJar : add can
2025-10-20 19:30:33,373 [INFO] IPUIPlugin:80 - create IPUIPlugin
2025-10-20 19:30:33,374 [INFO] PluginManager:220 - loadIPPluginJar : add dma3
2025-10-20 19:30:33,377 [INFO] IPUIPlugin:80 - create IPUIPlugin
2025-10-20 19:30:33,377 [INFO] PluginManager:220 - loadIPPluginJar : add dfsdm
2025-10-20 19:30:33,382 [INFO] IPUIPlugin:80 - create IPUIPlugin
2025-10-20 19:30:33,383 [INFO] PluginManager:220 - loadIPPluginJar : add spi
2025-10-20 19:30:33,391 [INFO] IPUIPlugin:80 - create IPUIPlugin
2025-10-20 19:30:33,391 [INFO] PluginManager:220 - loadIPPluginJar : add gfxmmu
2025-10-20 19:30:33,393 [INFO] IPUIPlugin:80 - create IPUIPlugin
2025-10-20 19:30:33,394 [INFO] PluginManager:220 - loadIPPluginJar : add genericplugin
2025-10-20 19:30:33,399 [INFO] IPUIPlugin:80 - create IPUIPlugin
2025-10-20 19:30:33,399 [INFO] PluginManager:220 - loadIPPluginJar : add cryp
2025-10-20 19:30:33,415 [INFO] IPUIPlugin:80 - create IPUIPlugin
2025-10-20 19:30:33,415 [INFO] PluginManager:220 - loadIPPluginJar : add gpio
2025-10-20 19:30:33,423 [INFO] IPUIPlugin:80 - create IPUIPlugin
2025-10-20 19:30:33,425 [INFO] PluginManager:220 - loadIPPluginJar : add ddr_ctrl_phy
2025-10-20 19:30:33,435 [INFO] IPUIPlugin:80 - create IPUIPlugin
2025-10-20 19:30:33,436 [INFO] PluginManager:220 - loadIPPluginJar : add comp
2025-10-20 19:30:33,442 [INFO] IPUIPlugin:80 - create IPUIPlugin
2025-10-20 19:30:33,443 [INFO] PluginManager:220 - loadIPPluginJar : add tracer_emb
2025-10-20 19:30:33,448 [INFO] IPUIPlugin:80 - create IPUIPlugin
2025-10-20 19:30:33,449 [INFO] PluginManager:220 - loadIPPluginJar : add openamp
2025-10-20 19:30:33,460 [INFO] IPUIPlugin:80 - create IPUIPlugin
2025-10-20 19:30:33,461 [INFO] PluginManager:220 - loadIPPluginJar : add stm32_wpan
2025-10-20 19:30:33,474 [INFO] IPUIPlugin:80 - create IPUIPlugin
2025-10-20 19:30:33,479 [INFO] PluginManager:220 - loadIPPluginJar : add plateformsettings
2025-10-20 19:30:33,485 [INFO] IPUIPlugin:80 - create IPUIPlugin
2025-10-20 19:30:33,486 [INFO] PluginManager:220 - loadIPPluginJar : add ipddr
2025-10-20 19:30:33,491 [INFO] IPUIPlugin:80 - create IPUIPlugin
2025-10-20 19:30:33,492 [INFO] PluginManager:220 - loadIPPluginJar : add usart
2025-10-20 19:30:33,495 [INFO] IPUIPlugin:80 - create IPUIPlugin
2025-10-20 19:30:33,495 [INFO] PluginManager:220 - loadIPPluginJar : add ltdc
2025-10-20 19:30:33,513 [INFO] IPUIPlugin:80 - create IPUIPlugin
2025-10-20 19:30:33,513 [INFO] PluginManager:220 - loadIPPluginJar : add nvic
2025-10-20 19:30:33,515 [INFO] IPUIPlugin:80 - create IPUIPlugin
2025-10-20 19:30:33,516 [INFO] PluginManager:220 - loadIPPluginJar : add fatfs
2025-10-20 19:30:33,533 [INFO] IPUIPlugin:80 - create IPUIPlugin
2025-10-20 19:30:33,533 [INFO] PluginManager:220 - loadIPPluginJar : add linkedlist
2025-10-20 19:30:33,544 [INFO] IPUIPlugin:80 - create IPUIPlugin
2025-10-20 19:30:33,544 [INFO] PluginManager:220 - loadIPPluginJar : add dma
2025-10-20 19:30:33,552 [INFO] IPUIPlugin:80 - create IPUIPlugin
2025-10-20 19:30:33,553 [INFO] PluginManager:220 - loadIPPluginJar : add fmc
2025-10-20 19:30:33,558 [INFO] IPUIPlugin:80 - create IPUIPlugin
2025-10-20 19:30:33,559 [INFO] PluginManager:220 - loadIPPluginJar : add i2s
2025-10-20 19:30:33,562 [INFO] IPUIPlugin:80 - create IPUIPlugin
2025-10-20 19:30:33,562 [INFO] PluginManager:220 - loadIPPluginJar : add ucpd
2025-10-20 19:30:33,569 [INFO] IPUIPlugin:80 - create IPUIPlugin
2025-10-20 19:30:33,570 [INFO] PluginManager:220 - loadIPPluginJar : add lorawan
2025-10-20 19:30:33,576 [INFO] IPUIPlugin:80 - create IPUIPlugin
2025-10-20 19:30:33,576 [INFO] PluginManager:220 - loadIPPluginJar : add opamp
2025-10-20 19:30:33,581 [INFO] IPUIPlugin:80 - create IPUIPlugin
2025-10-20 19:30:33,581 [INFO] PluginManager:220 - loadIPPluginJar : add i3c
2025-10-20 19:30:33,587 [INFO] IPUIPlugin:80 - create IPUIPlugin
2025-10-20 19:30:33,587 [INFO] PluginManager:220 - loadIPPluginJar : add touchsensing
2025-10-20 19:30:33,593 [INFO] IPUIPlugin:80 - create IPUIPlugin
2025-10-20 19:30:33,593 [INFO] PluginManager:220 - loadIPPluginJar : add i2c
2025-10-20 19:30:33,599 [INFO] IPUIPlugin:80 - create IPUIPlugin
2025-10-20 19:30:33,599 [INFO] PluginManager:220 - loadIPPluginJar : add resmgrutility
2025-10-20 19:30:33,604 [INFO] IPUIPlugin:80 - create IPUIPlugin
2025-10-20 19:30:33,604 [INFO] PluginManager:220 - loadIPPluginJar : add sai
2025-10-20 19:30:33,609 [INFO] IPUIPlugin:80 - create IPUIPlugin
2025-10-20 19:30:33,609 [INFO] PluginManager:220 - loadIPPluginJar : add usbx
2025-10-20 19:30:33,754 [FATAL] Updater:351 - Updater called before beeing initialized
2025-10-20 19:30:33,829 [INFO] RulesReader:64 - Compatibility file has been processed (317 Rules)
2025-10-20 19:30:33,858 [INFO] RulesReader:64 - Compatibility file has been processed (317 Rules)
2025-10-20 19:30:33,881 [INFO] CADModel:165 - CPN selected for project level
2025-10-20 19:30:33,881 [INFO] CADModel:114 - Register for checkConnection events
2025-10-20 19:30:33,882 [FATAL] Updater:351 - Updater called before beeing initialized
2025-10-20 19:30:33,882 [ERROR] CADModel:125 - Updater not yet initialized, retry later 
2025-10-20 19:30:34,251 [FATAL] Updater:351 - Updater called before beeing initialized
2025-10-20 19:30:34,254 [INFO] CADModel:165 - CPN selected for project level
2025-10-20 19:30:34,255 [INFO] CADModel:114 - Register for checkConnection events
2025-10-20 19:30:34,255 [FATAL] Updater:351 - Updater called before beeing initialized
2025-10-20 19:30:34,255 [ERROR] CADModel:125 - Updater not yet initialized, retry later 
2025-10-20 19:30:34,262 [FATAL] Updater:351 - Updater called before beeing initialized
2025-10-20 19:30:34,484 [FATAL] Updater:351 - Updater called before beeing initialized
2025-10-20 19:30:34,490 [INFO] DbMcusAds:53 - JSON generation date=Thu Oct 02 10:36:05 BST 2025 (1759397765045)
2025-10-20 19:30:34,490 [FATAL] Updater:351 - Updater called before beeing initialized
2025-10-20 19:30:34,551 [WARN] DetailPanel:346 - Failed to get advertising image, set to default
2025-10-20 19:30:34,671 [FATAL] Updater:351 - Updater called before beeing initialized
2025-10-20 19:30:34,674 [FATAL] Updater:351 - Updater called before beeing initialized
2025-10-20 19:30:34,675 [FATAL] Updater:351 - Updater called before beeing initialized
2025-10-20 19:30:34,675 [WARN] DetailPanel:346 - Failed to get advertising image, set to default
2025-10-20 19:30:34,677 [FATAL] Updater:351 - Updater called before beeing initialized
2025-10-20 19:30:34,763 [ERROR] Updater:1198 - MainUpdater not yet initialized. External WinMGr cannot be set.
2025-10-20 19:30:34,766 [INFO] Updater:1134 - Updater Version found : 6.15.0
2025-10-20 19:30:34,803 [INFO] ApplicationProperties:184 - Using Application install path: /Applications/STM32CubeIDE.app/Contents/Eclipse/plugins/com.st.stm32cube.common.mx_6.15.0.202507011659
2025-10-20 19:30:35,122 [INFO] ThirdPartyUpdaterWithRetryManager:70 - Updater plugin not ready yet. [2/15]
2025-10-20 19:30:35,279 [INFO] MainUpdater:2872 - connection check result : 10
2025-10-20 19:30:35,280 [INFO] MainUpdater:289 - Updater Check For Update Now.
2025-10-20 19:30:35,280 [INFO] MicroXplorer:498 - Change Database Version : DB.6.0.150
2025-10-20 19:30:35,289 [INFO] McuFinderGlobals:63 - Set McuFinder mode to 2 (CubeIDE integrated)
2025-10-20 19:30:35,290 [INFO] UserAuth:171 - activating auth plugin
2025-10-20 19:30:35,302 [INFO] UserAuth:487 - Internet connection configuration mode: 1
2025-10-20 19:30:35,340 [INFO] JxBrowserEngine:152 - Initiate JxBrowser Engine with user profile folder
2025-10-20 19:30:35,573 [INFO] CheckServerUpdateThread:120 - End of CheckServer Thread
2025-10-20 19:30:36,875 [INFO] WebApp:169 - Instantiating new browser for Auth
2025-10-20 19:30:38,472 [INFO] WebApp:463 - Apply proxy settings
2025-10-20 19:30:38,480 [INFO] WebApp:508 - Chromium authenticates against Manually configured proxy
2025-10-20 19:30:38,527 [INFO] WebApp:516 - Username used for proxy authentication: 
2025-10-20 19:30:38,662 [INFO] WebApp:900 - Register for checkConnection events
2025-10-20 19:30:38,664 [INFO] WebApp:463 - Apply proxy settings
2025-10-20 19:30:38,672 [INFO] WebApp:508 - Chromium authenticates against Manually configured proxy
2025-10-20 19:30:38,677 [INFO] WebApp:516 - Username used for proxy authentication: 
2025-10-20 19:30:38,904 [INFO] WebApp:191 - Connection restablished
2025-10-20 19:30:39,212 [WARN] PackLoader:240 - Cannot read IP mode file for STMicroelectronics.FP-SNS-MOTENVWB1.1.4.0
2025-10-20 19:30:39,233 [WARN] PackLoader:240 - Cannot read IP mode file for STMicroelectronics.FP-ATR-ASTRA1.2.0.2
2025-10-20 19:30:39,245 [WARN] PackLoader:240 - Cannot read IP mode file for STMicroelectronics.X-CUBE-SMBUS.2.1.0
2025-10-20 19:30:39,254 [WARN] PackLoader:240 - Cannot read IP mode file for STMicroelectronics.X-CUBE-ST60.1.0.0
2025-10-20 19:30:39,487 [WARN] PackLoader:240 - Cannot read IP mode file for STMicroelectronics.X-CUBE-AZRTOS-F7.1.1.0
2025-10-20 19:30:39,544 [WARN] PackLoader:240 - Cannot read IP mode file for Cesanta.I-CUBE-Mongoose.7.19.0
2025-10-20 19:30:39,591 [WARN] PackLoader:240 - Cannot read IP mode file for WES.I-CUBE-Cesium.1.4.0
2025-10-20 19:30:39,780 [WARN] PackLoader:240 - Cannot read IP mode file for Infineon.AIROC-Wi-Fi-Bluetooth-STM32.1.7.1
2025-10-20 19:30:39,879 [WARN] PackLoader:240 - Cannot read IP mode file for STMicroelectronics.X-CUBE-AZRTOS-H7.3.4.0
2025-10-20 19:30:39,924 [WARN] PackLoader:240 - Cannot read IP mode file for STMicroelectronics.X-CUBE-DISPLAY.3.0.0
2025-10-20 19:30:39,965 [INFO] WebApp:225 - Starting web application
2025-10-20 19:30:39,965 [WARN] PackLoader:240 - Cannot read IP mode file for STMicroelectronics.X-CUBE-NFC10.1.0.0
2025-10-20 19:30:39,966 [INFO] WebApp:593 - Web application path used /Applications/STM32CubeIDE.app/Contents/Eclipse/plugins/com.st.stm32cube.common.mx_6.15.0.202507011659/db/plugins/mcufinder/reactClient1/index.html
2025-10-20 19:30:40,017 [WARN] PackLoader:240 - Cannot read IP mode file for STMicroelectronics.X-CUBE-ST60.1.1.0
2025-10-20 19:30:40,053 [WARN] PackLoader:240 - Cannot read IP mode file for emotas.I-CUBE-CANOPEN.1.3.0
2025-10-20 19:30:40,164 [WARN] PackLoader:240 - Cannot read IP mode file for STMicroelectronics.FP-SNS-STBOX1.2.1.0
2025-10-20 19:30:40,192 [WARN] PackLoader:240 - Cannot read IP mode file for STMicroelectronics.FP-SNS-SMARTAG2.1.2.0
2025-10-20 19:30:40,203 [WARN] PackLoader:240 - Cannot read IP mode file for STMicroelectronics.FP-SNS-FLIGHT1.5.1.0
2025-10-20 19:30:40,315 [INFO] LogOutputStream:77 - [STDOUT_REDIRECT] 1 : Invalid condition id : UX_CORESTACK_Condition cause : null
2025-10-20 19:30:40,321 [INFO] LogOutputStream:77 - [STDOUT_REDIRECT] 1 : Invalid condition id : UX_CORESTACK_Condition cause : null
2025-10-20 19:30:40,323 [INFO] LogOutputStream:77 - [STDOUT_REDIRECT] 1 : Invalid condition id : UX_CORESTACK_Condition cause : null
2025-10-20 19:30:40,324 [INFO] LogOutputStream:77 - [STDOUT_REDIRECT] 1 : Invalid condition id : UX_CORESTACK_Condition cause : null
2025-10-20 19:30:40,324 [INFO] LogOutputStream:77 - [STDOUT_REDIRECT] 1 : Invalid condition id : UX_CORESTACK_Condition cause : null
2025-10-20 19:30:40,339 [WARN] PackLoader:240 - Cannot read IP mode file for STMicroelectronics.X-CUBE-AZRTOS-WL.2.0.0
2025-10-20 19:30:40,424 [WARN] PackLoader:240 - Cannot read IP mode file for STMicroelectronics.FP-SNS-MOTENV1.5.0.0
2025-10-20 19:30:40,453 [WARN] PackLoader:240 - Cannot read IP mode file for STMicroelectronics.X-CUBE-BLE2.3.3.0
2025-10-20 19:30:40,483 [WARN] PackLoader:240 - Cannot read IP mode file for STMicroelectronics.X-CUBE-NFC9.1.0.0
2025-10-20 19:30:40,497 [WARN] PackLoader:240 - Cannot read IP mode file for wolfSSL.I-CUBE-wolfSSL.5.8.2
2025-10-20 19:30:40,503 [WARN] PackLoader:240 - Cannot read IP mode file for STMicroelectronics.X-CUBE-BLE1.7.1.0
2025-10-20 19:30:40,509 [WARN] PackLoader:240 - Cannot read IP mode file for wolfSSL.I-CUBE-wolfMQTT.1.19.2
2025-10-20 19:30:40,564 [WARN] PackLoader:240 - Cannot read IP mode file for STMicroelectronics.X-CUBE-EEPRMA1.5.2.0
2025-10-20 19:30:40,583 [WARN] PackLoader:240 - Cannot read IP mode file for STMicroelectronics.X-CUBE-ST67W61.1.1.0
2025-10-20 19:30:40,622 [WARN] PackLoader:240 - Cannot read IP mode file for STMicroelectronics.X-CUBE-AZRTOS-G0.1.1.0
2025-10-20 19:30:40,660 [WARN] PackLoader:240 - Cannot read IP mode file for STMicroelectronics.X-CUBE-SAFEA1.1.2.2
2025-10-20 19:30:40,673 [WARN] PackLoader:240 - Cannot read IP mode file for STMicroelectronics.X-CUBE-NFC4.3.0.0
2025-10-20 19:30:40,712 [WARN] PackLoader:240 - Cannot read IP mode file for EmbeddedOffice.I-CUBE-FS-RTOS.1.0.1
2025-10-20 19:30:40,723 [WARN] PackLoader:240 - Cannot read IP mode file for STMicroelectronics.X-CUBE-WB05N.2.0.0
2025-10-20 19:30:40,731 [WARN] PackLoader:240 - Cannot read IP mode file for wolfSSL.I-CUBE-wolfTPM.3.8.0
2025-10-20 19:30:40,748 [WARN] PackLoader:240 - Cannot read IP mode file for STMicroelectronics.X-CUBE-TCPP.4.2.0
2025-10-20 19:30:40,780 [WARN] PackLoader:240 - Cannot read IP mode file for RealThread.X-CUBE-RT-Thread_Nano.4.1.1
2025-10-20 19:30:40,786 [WARN] PackLoader:240 - Cannot read IP mode file for STMicroelectronics.FP-ATR-SIGFOX1.3.2.0
2025-10-20 19:30:40,796 [WARN] PackLoader:240 - Cannot read IP mode file for ITTIA_DB.I-CUBE-ITTIADB.8.9.0
2025-10-20 19:30:40,816 [WARN] PackLoader:240 - Cannot read IP mode file for STMicroelectronics.X-CUBE-ST67W61.1.0.0
2025-10-20 19:30:40,833 [WARN] PackLoader:240 - Cannot read IP mode file for STMicroelectronics.X-CUBE-AI.10.2.0
2025-10-20 19:30:41,037 [WARN] PackLoader:240 - Cannot read IP mode file for SEGGER.I-CUBE-embOS.1.3.1
2025-10-20 19:30:41,203 [WARN] PackLoader:240 - Cannot read IP mode file for STMicroelectronics.X-CUBE-ALGOBUILD.1.4.0
2025-10-20 19:30:41,325 [WARN] PackLoader:240 - Cannot read IP mode file for STMicroelectronics.X-CUBE-MEMS1.11.3.0
2025-10-20 19:30:41,676 [WARN] PackLoader:240 - Cannot read IP mode file for STMicroelectronics.X-CUBE-PM33A1.1.0.0
2025-10-20 19:30:41,705 [WARN] PackLoader:240 - Cannot read IP mode file for STMicroelectronics.X-CUBE-AZRTOS-F4.1.1.0
2025-10-20 19:30:41,714 [WARN] PackLoader:240 - Cannot read IP mode file for STMicroelectronics.X-CUBE-ISPU.2.1.0
2025-10-20 19:30:41,735 [WARN] PackLoader:240 - Cannot read IP mode file for STMicroelectronics.X-CUBE-IPS.3.2.0
2025-10-20 19:30:41,758 [WARN] PackLoader:240 - Cannot read IP mode file for STMicroelectronics.X-CUBE-NFC12.1.0.0
2025-10-20 19:30:41,786 [WARN] PackLoader:240 - Cannot read IP mode file for STMicroelectronics.X-CUBE-AZRTOS-L5.2.0.0
2025-10-20 19:30:41,803 [WARN] PackLoader:240 - Cannot read IP mode file for STMicroelectronics.X-CUBE-NFC6.3.1.0
2025-10-20 19:30:41,817 [WARN] PackLoader:240 - Cannot read IP mode file for STMicroelectronics.X-CUBE-FREERTOS.1.3.1
2025-10-20 19:30:41,824 [WARN] PackLoader:240 - Cannot read IP mode file for STMicroelectronics.X-CUBE-TOUCHGFX.4.26.0
2025-10-20 19:30:41,831 [WARN] PackLoader:240 - Cannot read IP mode file for STMicroelectronics.FP-SNS-STAIOTCFT.1.0.0
2025-10-20 19:30:41,840 [WARN] PackLoader:240 - Cannot read IP mode file for STMicroelectronics.X-CUBE-DPower.1.3.0
2025-10-20 19:30:41,871 [WARN] ConditionMgr:438 - getConditionDescription Invalid condition id : LAN8742 Phy interface Condition cause : null
2025-10-20 19:30:41,873 [WARN] PackLoader:240 - Cannot read IP mode file for STMicroelectronics.X-CUBE-AZRTOS-L4.2.0.0
2025-10-20 19:30:41,875 [WARN] ConditionMgr:1044 - genDependencies : Invalid condition id : LAN8742 Phy interface Condition cause : null
2025-10-20 19:30:41,875 [WARN] ConditionMgr:1044 - genDependencies : Invalid condition id : LAN8742 Phy interface Condition cause : null
2025-10-20 19:30:41,876 [WARN] ConditionMgr:1044 - genDependencies : Invalid condition id : LAN8742 Phy interface Condition cause : null
2025-10-20 19:30:41,886 [WARN] PackLoader:240 - Cannot read IP mode file for STMicroelectronics.X-CUBE-SFXS2LP1.4.0.0
2025-10-20 19:30:41,905 [WARN] PackLoader:240 - Cannot read IP mode file for STMicroelectronics.X-CUBE-BLEMGR.4.1.0
2025-10-20 19:30:41,948 [WARN] ConditionMgr:438 - getConditionDescription Invalid condition id : UX DEVICE CLASS RTOS Condition cause : null
2025-10-20 19:30:41,948 [WARN] ConditionMgr:438 - getConditionDescription Invalid condition id : UX DEVICE CLASS RTOS Condition cause : null
2025-10-20 19:30:41,953 [WARN] PackLoader:240 - Cannot read IP mode file for STMicroelectronics.X-CUBE-AZRTOS-WB.2.0.0
2025-10-20 19:30:41,956 [WARN] ConditionMgr:1044 - genDependencies : Invalid condition id : UX DEVICE CLASS RTOS Condition cause : null
2025-10-20 19:30:41,956 [WARN] ConditionMgr:1044 - genDependencies : Invalid condition id : UX DEVICE CLASS RTOS Condition cause : null
2025-10-20 19:30:41,957 [WARN] ConditionMgr:1044 - genDependencies : Invalid condition id : UX DEVICE CLASS RTOS Condition cause : null
2025-10-20 19:30:41,958 [WARN] ConditionMgr:1044 - genDependencies : Invalid condition id : UX DEVICE CLASS RTOS Condition cause : null
2025-10-20 19:30:41,958 [WARN] ConditionMgr:1044 - genDependencies : Invalid condition id : UX DEVICE CLASS RTOS Condition cause : null
2025-10-20 19:30:41,966 [WARN] PackLoader:240 - Cannot read IP mode file for STMicroelectronics.X-CUBE-GNSS1.7.0.1
2025-10-20 19:30:41,973 [WARN] ConditionMgr:438 - getConditionDescription Invalid condition id : Cortex-A Device cause : null
2025-10-20 19:30:41,992 [WARN] ConditionMgr:1044 - genDependencies : Invalid condition id : Cortex-A Device cause : null
2025-10-20 19:30:41,992 [WARN] ConditionMgr:1044 - genDependencies : Invalid condition id : Cortex-A Device cause : null
2025-10-20 19:30:41,992 [WARN] ConditionMgr:1044 - genDependencies : Invalid condition id : Cortex-A Device cause : null
2025-10-20 19:30:42,011 [WARN] PackLoader:240 - Cannot read IP mode file for STMicroelectronics.X-CUBE-SUBG2.5.0.0
2025-10-20 19:30:42,065 [WARN] PackLoader:240 - Cannot read IP mode file for STMicroelectronics.X-CUBE-AZRTOS-H7RS.1.1.0
2025-10-20 19:30:42,097 [WARN] PackLoader:240 - Cannot read IP mode file for STMicroelectronics.X-CUBE-AZRTOS-G4.2.0.0
2025-10-20 19:30:42,105 [WARN] PackLoader:240 - Cannot read IP mode file for wolfSSL.I-CUBE-wolfSSH.1.4.20
2025-10-20 19:30:42,111 [WARN] PackLoader:240 - Cannot read IP mode file for STMicroelectronics.X-CUBE-NFC7.2.0.0
2025-10-20 19:30:42,133 [WARN] PackLoader:240 - Cannot read IP mode file for STMicroelectronics.X-CUBE-IPS.3.1.0
2025-10-20 19:30:42,149 [WARN] PackLoader:240 - Cannot read IP mode file for STMicroelectronics.X-CUBE-ALS.1.0.2
2025-10-20 19:30:42,158 [WARN] PackLoader:240 - Cannot read IP mode file for STMicroelectronics.X-CUBE-STSE01.1.0.0
2025-10-20 19:30:42,179 [WARN] PackLoader:240 - Cannot read IP mode file for STMicroelectronics.X-CUBE-TOF1.3.4.3
2025-10-20 19:30:42,200 [INFO] ThirdParty:978 - Integrity check success = true
2025-10-20 19:30:42,200 [INFO] IntegrityCheckThread:100 - exiting critical section [integrity check]
2025-10-20 19:30:42,200 [INFO] IntegrityCheckThread:103 - End integrity checks thread
2025-10-20 20:02:28,616 [INFO] WebApp:194 - Connection lost
2025-10-20 20:03:43,167 [INFO] WebApp:191 - Connection restablished
2025-10-20 22:04:11,592 [INFO] WebApp:194 - Connection lost
